[debug] [2023-10-16T09:57:09.367Z] ----------------------------------------------------------------------
[debug] [2023-10-16T09:57:09.370Z] Command:       C:\Program Files\nodejs\node.exe C:\Program Files\nodejs\node_modules\firebase-tools\lib\bin\firebase.js init
[debug] [2023-10-16T09:57:09.371Z] CLI Version:   12.7.0
[debug] [2023-10-16T09:57:09.371Z] Platform:      win32
[debug] [2023-10-16T09:57:09.371Z] Node Version:  v18.17.1
[debug] [2023-10-16T09:57:09.373Z] Time:          Mon Oct 16 2023 04:57:09 GMT-0500 (hora estándar de Perú)
[debug] [2023-10-16T09:57:09.373Z] ----------------------------------------------------------------------
[debug] 
[debug] [2023-10-16T09:57:09.406Z] > command requires scopes: ["email","openid","https://www.googleapis.com/auth/cloudplatformprojects.readonly","https://www.googleapis.com/auth/firebase","https://www.googleapis.com/auth/cloud-platform"]
[debug] [2023-10-16T09:57:09.408Z] > authorizing via signed-in user (clluendagnerani@crece.uss.edu.pe)
[info] 
     ######## #### ########  ######## ########     ###     ######  ########
     ##        ##  ##     ## ##       ##     ##  ##   ##  ##       ##
     ######    ##  ########  ######   ########  #########  ######  ######
     ##        ##  ##    ##  ##       ##     ## ##     ##       ## ##
     ##       #### ##     ## ######## ########  ##     ##  ######  ########

You're about to initialize a Firebase project in this directory:

  C:\Spring Microservicio\frontend\client-producto-app

Before we get started, keep in mind:

  * You are currently outside your home directory

